<?xml version="1.0" encoding="UTF-8"?>
<testng-results ignored="0" total="3" passed="3" failed="0" skipped="0">
  <reporter-output>
  </reporter-output>
  <suite started-at="2023-07-19T10:50:32 IST" name="Suite" finished-at="2023-07-19T10:50:56 IST" duration-ms="23498">
    <groups>
    </groups>
    <test started-at="2023-07-19T10:50:32 IST" name="Test" finished-at="2023-07-19T10:50:56 IST" duration-ms="23498">
      <class name="demo.Amazon">
        <test-method signature="amazon()[pri:0, instance:demo.Amazon@130161f7]" started-at="2023-07-19T10:50:42 IST" name="amazon" finished-at="2023-07-19T10:50:51 IST" duration-ms="8635" status="PASS">
          <reporter-output>
          </reporter-output>
        </test-method> <!-- amazon -->
      </class> <!-- demo.Amazon -->
      <class name="demo.ajio">
        <test-method signature="ajio()[pri:0, instance:demo.ajio@27ce24aa]" started-at="2023-07-19T10:50:32 IST" name="ajio" finished-at="2023-07-19T10:50:42 IST" duration-ms="9945" status="PASS">
          <reporter-output>
          </reporter-output>
        </test-method> <!-- ajio -->
      </class> <!-- demo.ajio -->
      <class name="demo.flipkart">
        <test-method signature="flipkart()[pri:0, instance:demo.flipkart@2c767a52]" started-at="2023-07-19T10:50:51 IST" name="flipkart" finished-at="2023-07-19T10:50:56 IST" duration-ms="4855" status="PASS">
          <reporter-output>
          </reporter-output>
        </test-method> <!-- flipkart -->
      </class> <!-- demo.flipkart -->
    </test> <!-- Test -->
  </suite> <!-- Suite -->
</testng-results>
