<?xml version="1.0" encoding="UTF-8"?>
<testng-results ignored="0" total="3" passed="3" failed="0" skipped="0">
  <reporter-output>
  </reporter-output>
  <suite started-at="2023-07-18T16:09:53 IST" name="Suite" finished-at="2023-07-18T16:10:47 IST" duration-ms="53703">
    <groups>
    </groups>
    <test started-at="2023-07-18T16:09:53 IST" name="Test" finished-at="2023-07-18T16:10:47 IST" duration-ms="53703">
      <class name="demo.Amazon">
        <test-method signature="amazon()[pri:0, instance:demo.Amazon@4b741d6d]" started-at="2023-07-18T16:10:10 IST" name="amazon" finished-at="2023-07-18T16:10:33 IST" duration-ms="22751" status="PASS">
          <reporter-output>
          </reporter-output>
        </test-method> <!-- amazon -->
      </class> <!-- demo.Amazon -->
      <class name="demo.ajio">
        <test-method signature="ajio()[pri:0, instance:demo.ajio@750e2b97]" started-at="2023-07-18T16:09:53 IST" name="ajio" finished-at="2023-07-18T16:10:10 IST" duration-ms="17263" status="PASS">
          <reporter-output>
          </reporter-output>
        </test-method> <!-- ajio -->
      </class> <!-- demo.ajio -->
      <class name="demo.flipkart">
        <test-method signature="flipkart()[pri:0, instance:demo.flipkart@2eae8e6e]" started-at="2023-07-18T16:10:33 IST" name="flipkart" finished-at="2023-07-18T16:10:47 IST" duration-ms="13636" status="PASS">
          <reporter-output>
          </reporter-output>
        </test-method> <!-- flipkart -->
      </class> <!-- demo.flipkart -->
    </test> <!-- Test -->
  </suite> <!-- Suite -->
</testng-results>
